midExperiment-notePad/NotePad-master/app/build/intermediates/manifest_merge_blame_file/debug/manifest-merger-blame-debug-report.txt
1<?xml version="1.0" encoding="utf-8"?>
2<!--
3 Copyright (C) 2007 The Android Open Source Project
4
5     Licensed under the Apache License, Version 2.0 (the "License");
6     you may not use this file except in compliance with the License.
7     You may obtain a copy of the License at
8
9          http://www.apache.org/licenses/LICENSE-2.0
10
11     Unless required by applicable law or agreed to in writing, software
12     distributed under the License is distributed on an "AS IS" BASIS,
13     WITHOUT WARRANTIES OR CONDITIONS OF ANY KIND, either express or implied.
14     See the License for the specific language governing permissions and
15     limitations under the License.
16-->
17<!--
18 Declare the contents of this Android application.  The namespace
19     attribute brings in the Android platform namespace, and the package
20     supplies a unique name for the application.  When writing your
21     own application, the package name must be changed from "com.example.*"
22     to come from a domain that you own or have control over.
23-->
24<manifest xmlns:android="http://schemas.android.com/apk/res/android"
25    package="com.example.android.notepad" >
26
27    <uses-sdk
28        android:minSdkVersion="31"
28-->src\main\AndroidManifest.xml
29        android:targetSdkVersion="32" />
29-->src\main\AndroidManifest.xml
30
31    <application
31-->src\main\AndroidManifest.xml:25:5-128:19
32        android:debuggable="true"
33        android:extractNativeLibs="false"
34        android:icon="@drawable/app_notes"
34-->src\main\AndroidManifest.xml:25:18-52
35        android:label="@string/app_name"
35-->src\main\AndroidManifest.xml:26:9-41
36        android:testOnly="true" >
37        <provider
37-->src\main\AndroidManifest.xml:28:9-32:20
38            android:name="com.example.android.notepad.NotePadProvider"
38-->src\main\AndroidManifest.xml:28:19-49
39            android:authorities="com.google.provider.NotePad"
39-->src\main\AndroidManifest.xml:29:13-62
40            android:exported="false" >
40-->src\main\AndroidManifest.xml:30:13-37
41            <grant-uri-permission android:pathPattern=".*" />
41-->src\main\AndroidManifest.xml:31:13-62
41-->src\main\AndroidManifest.xml:31:35-59
42        </provider>
43
44        <activity
44-->src\main\AndroidManifest.xml:34:9-52:20
45            android:name="com.example.android.notepad.NotesList"
45-->src\main\AndroidManifest.xml:34:19-43
46            android:exported="true"
46-->src\main\AndroidManifest.xml:34:85-108
47            android:label="@string/title_notes_list" >
47-->src\main\AndroidManifest.xml:34:44-84
48            <intent-filter>
48-->src\main\AndroidManifest.xml:35:13-38:29
49                <action android:name="android.intent.action.MAIN" />
49-->src\main\AndroidManifest.xml:36:17-69
49-->src\main\AndroidManifest.xml:36:25-66
50
51                <category android:name="android.intent.category.LAUNCHER" />
51-->src\main\AndroidManifest.xml:37:17-77
51-->src\main\AndroidManifest.xml:37:27-74
52            </intent-filter>
53            <intent-filter android:scheme="http" >
53-->src\main\AndroidManifest.xml:39:13-46:29
53-->src\main\AndroidManifest.xml:39:28-49
54                <action android:name="android.intent.action.VIEW" />
54-->src\main\AndroidManifest.xml:41:17-69
54-->src\main\AndroidManifest.xml:41:25-66
55                <action android:name="android.intent.action.EDIT" />
55-->src\main\AndroidManifest.xml:42:17-69
55-->src\main\AndroidManifest.xml:42:25-66
56                <action android:name="android.intent.action.PICK" />
56-->src\main\AndroidManifest.xml:43:17-69
56-->src\main\AndroidManifest.xml:43:25-66
57
58                <category android:name="android.intent.category.DEFAULT" />
58-->src\main\AndroidManifest.xml:44:17-76
58-->src\main\AndroidManifest.xml:44:27-73
59
60                <data android:mimeType="vnd.android.cursor.dir/vnd.google.note" />
60-->src\main\AndroidManifest.xml:45:17-83
60-->src\main\AndroidManifest.xml:45:23-80
61            </intent-filter>
62            <intent-filter>
62-->src\main\AndroidManifest.xml:47:13-51:29
63                <action android:name="android.intent.action.GET_CONTENT" />
63-->src\main\AndroidManifest.xml:48:17-76
63-->src\main\AndroidManifest.xml:48:25-73
64
65                <category android:name="android.intent.category.DEFAULT" />
65-->src\main\AndroidManifest.xml:44:17-76
65-->src\main\AndroidManifest.xml:44:27-73
66
67                <data android:mimeType="vnd.android.cursor.item/vnd.google.note" />
67-->src\main\AndroidManifest.xml:45:17-83
67-->src\main\AndroidManifest.xml:45:23-80
68            </intent-filter>
69        </activity>
70        <activity
70-->src\main\AndroidManifest.xml:54:9-89:20
71            android:name="com.example.android.notepad.NoteEditor"
71-->src\main\AndroidManifest.xml:54:19-44
72            android:configChanges="keyboardHidden|orientation"
72-->src\main\AndroidManifest.xml:57:13-63
73            android:exported="true"
73-->src\main\AndroidManifest.xml:58:13-36
74            android:screenOrientation="sensor"
74-->src\main\AndroidManifest.xml:56:13-47
75            android:theme="@android:style/Theme.Holo.Light" >
75-->src\main\AndroidManifest.xml:55:13-60
76
77            <!--
78                 This filter says that we can view or edit the data of
79                 a single note
80            -->
81            <!-- <intent-filter android:label="@string/resolve_edit"> -->
82            <!-- <action android:name="android.intent.action.VIEW" /> -->
83            <!-- <action android:name="android.intent.action.EDIT" /> -->
84            <!-- <action android:name="com.android.notepad.action.EDIT_NOTE" /> -->
85            <!-- <category android:name="android.intent.category.DEFAULT" /> -->
86            <!-- <data android:mimeType="vnd.android.cursor.item/vnd.google.note" /> -->
87            <!-- </intent-filter> -->
88            <intent-filter
88-->src\main\AndroidManifest.xml:68:13-76:29
89                android:label="@string/resolve_edit"
89-->src\main\AndroidManifest.xml:68:28-64
90                android:scheme="http" >
90-->src\main\AndroidManifest.xml:69:17-38
91                <action android:name="android.intent.action.VIEW" />
91-->src\main\AndroidManifest.xml:41:17-69
91-->src\main\AndroidManifest.xml:41:25-66
92                <action android:name="android.intent.action.EDIT" />
92-->src\main\AndroidManifest.xml:42:17-69
92-->src\main\AndroidManifest.xml:42:25-66
93                <action android:name="com.android.notepad.action.EDIT_NOTE" />
93-->src\main\AndroidManifest.xml:73:17-79
93-->src\main\AndroidManifest.xml:73:25-76
94
95                <category android:name="android.intent.category.DEFAULT" />
95-->src\main\AndroidManifest.xml:44:17-76
95-->src\main\AndroidManifest.xml:44:27-73
96
97                <data android:mimeType="vnd.android.cursor.item/vnd.google.note" />
97-->src\main\AndroidManifest.xml:45:17-83
97-->src\main\AndroidManifest.xml:45:23-80
98            </intent-filter>
99
100            <!--
101                 This filter says that we can create a new note inside
102                 of a directory of notes.  The INSERT action creates an
103                 empty note; the PASTE action initializes a new note from
104                 the current contents of the clipboard.
105            -->
106            <intent-filter>
106-->src\main\AndroidManifest.xml:82:13-87:29
107                <action android:name="android.intent.action.INSERT" />
107-->src\main\AndroidManifest.xml:83:17-71
107-->src\main\AndroidManifest.xml:83:25-68
108                <action android:name="android.intent.action.PASTE" />
108-->src\main\AndroidManifest.xml:84:17-70
108-->src\main\AndroidManifest.xml:84:25-67
109
110                <category android:name="android.intent.category.DEFAULT" />
110-->src\main\AndroidManifest.xml:44:17-76
110-->src\main\AndroidManifest.xml:44:27-73
111
112                <data android:mimeType="vnd.android.cursor.dir/vnd.google.note" />
112-->src\main\AndroidManifest.xml:45:17-83
112-->src\main\AndroidManifest.xml:45:23-80
113            </intent-filter>
114        </activity>
115        <activity
115-->src\main\AndroidManifest.xml:91:9-117:20
116            android:name="com.example.android.notepad.TitleEditor"
116-->src\main\AndroidManifest.xml:91:19-45
117            android:exported="true"
117-->src\main\AndroidManifest.xml:96:13-36
118            android:icon="@drawable/ic_menu_edit"
118-->src\main\AndroidManifest.xml:93:13-50
119            android:label="@string/title_edit_title"
119-->src\main\AndroidManifest.xml:92:13-53
120            android:theme="@android:style/Theme.Holo.Dialog"
120-->src\main\AndroidManifest.xml:94:13-61
121            android:windowSoftInputMode="stateVisible" >
121-->src\main\AndroidManifest.xml:95:13-55
122
123            <!--
124                 This activity implements an alternative action that can be
125                 performed on notes: editing their title.  It can be used as
126                 a default operation if the user invokes this action, and is
127                 available as an alternative action for any note data.
128            -->
129            <intent-filter android:label="@string/resolve_title" >
129-->src\main\AndroidManifest.xml:101:13-116:29
129-->src\main\AndroidManifest.xml:101:28-65
130
131                <!--
132                     This is the action we perform.  It is a custom action we
133                     define for our application, not a generic VIEW or EDIT
134                     action since we are not a general note viewer/editor.
135                -->
136                <action android:name="com.android.notepad.action.EDIT_TITLE" />
136-->src\main\AndroidManifest.xml:105:17-80
136-->src\main\AndroidManifest.xml:105:25-77
137                <!-- DEFAULT: execute if being directly invoked. -->
138                <category android:name="android.intent.category.DEFAULT" />
138-->src\main\AndroidManifest.xml:44:17-76
138-->src\main\AndroidManifest.xml:44:27-73
139                <!--
140                     ALTERNATIVE: show as an alternative action when the user is
141                     working with this type of data.
142                -->
143                <category android:name="android.intent.category.ALTERNATIVE" />
143-->src\main\AndroidManifest.xml:110:17-80
143-->src\main\AndroidManifest.xml:110:27-77
144                <!--
145                     SELECTED_ALTERNATIVE: show as an alternative action the user
146                     can perform when selecting this type of data.
147                -->
148                <category android:name="android.intent.category.SELECTED_ALTERNATIVE" />
148-->src\main\AndroidManifest.xml:113:17-89
148-->src\main\AndroidManifest.xml:113:27-86
149                <!-- This is the data type we operate on. -->
150                <data android:mimeType="vnd.android.cursor.item/vnd.google.note" />
150-->src\main\AndroidManifest.xml:45:17-83
150-->src\main\AndroidManifest.xml:45:23-80
151            </intent-filter>
152        </activity>
153        <activity
153-->src\main\AndroidManifest.xml:119:9-126:20
154            android:name="com.example.android.notepad.NotesLiveFolder"
154-->src\main\AndroidManifest.xml:119:19-49
155            android:exported="true"
155-->src\main\AndroidManifest.xml:121:13-36
156            android:icon="@drawable/live_folder_notes"
156-->src\main\AndroidManifest.xml:120:13-55
157            android:label="@string/live_folder_name" >
157-->src\main\AndroidManifest.xml:119:50-90
158            <intent-filter>
158-->src\main\AndroidManifest.xml:122:13-125:29
159                <action android:name="android.intent.action.CREATE_LIVE_FOLDER" />
159-->src\main\AndroidManifest.xml:123:17-83
159-->src\main\AndroidManifest.xml:123:25-80
160
161                <category android:name="android.intent.category.DEFAULT" />
161-->src\main\AndroidManifest.xml:44:17-76
161-->src\main\AndroidManifest.xml:44:27-73
162            </intent-filter>
163        </activity>
164    </application>
165
166</manifest>